            --------------------------------------------------------
                             AMBER SQM VERSION 17
 
                                     By
              Ross C. Walker, Michael F. Crowley, Scott Brozell,
                         Tim Giese, Andreas W. Goetz,
                        Tai-Sung Lee and David A. Case
 
            --------------------------------------------------------
 

--------------------------------------------------------------------------------
  QM CALCULATION INFO
--------------------------------------------------------------------------------

| QMMM: Citation for AMBER QMMM Run:
| QMMM: R.C. Walker, M.F. Crowley and D.A. Case, J. COMP. CHEM. 29:1019, 2008

QMMM: SINGLET STATE CALCULATION
QMMM: RHF CALCULATION, NO. OF DOUBLY OCCUPIED LEVELS =110

| QMMM: *** Selected Hamiltonian *** 
| QMMM: AM1         

| QMMM: *** Parameter sets in use ***
| QMMM: O : M.J.S.DEWAR et al. JACS, 107, 3902, (1985)
| QMMM: N : M.J.S.DEWAR et al. JACS, 107, 3902, (1985)
| QMMM: C : M.J.S.DEWAR et al. JACS, 107, 3902, (1985)
| QMMM: H : M.J.S.DEWAR et al. JACS, 107, 3902, (1985)

| QMMM: *** SCF convergence criteria ***
| QMMM: Energy change                :  0.1D-09 kcal/mol
| QMMM: Error matrix |FP-PF|         :  0.1D+00 au
| QMMM: Density matrix change        :  0.5D-06
| QMMM: Maximum number of SCF cycles :     1000

| QMMM: *** Diagonalization Routine Information ***
| QMMM: Pseudo diagonalizations are allowed.
| QMMM: Auto diagonalization routine selection is in use.
| QMMM:
| QMMM: Timing diagonalization routines:
| QMMM:                              norbs =      200
| QMMM:    diag iterations used for timing =        5
| QMMM:
| QMMM:              Internal diag routine = 0.048749 seconds
| QMMM:                 Dspev diag routine = 0.061538 seconds
| QMMM:                Dspevd diag routine = 0.045743 seconds
| QMMM:                Dspevx diag routine = 0.143253 seconds
| QMMM:                 Dsyev diag routine = 0.050539 seconds
| QMMM:                Dsyevd diag routine = 0.036588 seconds
| QMMM:                Dsyevr diag routine = 0.038528 seconds
| QMMM:
| QMMM:                Pseudo diag routine = 0.025296 seconds
| QMMM:
| QMMM: Using dsyevd routine (diag_routine=6).

  QMMM: QM Region Cartesian Coordinates (*=link atom) 
  QMMM: QM_NO.   MM_NO.  ATOM         X         Y         Z
  QMMM:     1        1      O       38.4350  -50.9890   68.1470
  QMMM:     2        2      O       37.5890  -47.3870   62.6380
  QMMM:     3        3      O       37.9680  -44.7170   63.2480
  QMMM:     4        4      O       38.9370  -43.2560   61.7630
  QMMM:     5        5      O       44.9430  -43.4780   64.4210
  QMMM:     6        6      O       45.4050  -46.2650   63.7580
  QMMM:     7        7      O       43.2450  -44.8190   68.5200
  QMMM:     8        8      O       40.6420  -44.5160   69.2530
  QMMM:     9        9      O       42.1120  -49.4480   68.1200
  QMMM:    10       10      N       39.5890  -49.1610   68.8170
  QMMM:    11       11      N       36.7290  -43.1860   62.2470
  QMMM:    12       12      C       39.2170  -50.1180   67.8480
  QMMM:    13       13      C       39.8780  -50.0730   66.5040
  QMMM:    14       14      C       39.7130  -48.9800   65.7140
  QMMM:    15       15      C       40.2930  -48.7990   64.3870
  QMMM:    16       16      C       39.8560  -47.9390   63.4440
  QMMM:    17       17      C       38.7090  -46.9950   63.5290
  QMMM:    18       18      C       39.1110  -45.5010   63.1470
  QMMM:    19       19      C       40.2740  -44.8800   64.1120
  QMMM:    20       20      C       41.4060  -44.4320   63.5920
  QMMM:    21       21      C       42.5670  -43.7870   64.2880
  QMMM:    22       22      C       43.9320  -44.3370   63.8430
  QMMM:    23       23      C       44.1430  -45.7890   64.2740
  QMMM:    24       24      C       44.1980  -45.9760   65.7870
  QMMM:    25       25      C       44.3630  -47.4320   66.2830
  QMMM:    26       26      C       44.1620  -47.5820   67.8310
  QMMM:    27       27      C       42.7820  -47.1900   68.2720
  QMMM:    28       28      C       42.3590  -45.9580   68.5760
  QMMM:    29       29      C       40.9730  -45.6670   68.9870
  QMMM:    30       30      C       40.0010  -46.7620   69.0660
  QMMM:    31       31      C       40.3710  -48.0090   68.7820
  QMMM:    32       32      C       41.7830  -48.2910   68.3730
  QMMM:    33       33      C       40.6640  -51.2890   66.1240
  QMMM:    34       34      C       37.8540  -48.5360   61.7580
  QMMM:    35       35      C       37.9700  -43.6720   62.3560
  QMMM:    36       36      C       39.9400  -44.8150   65.6040
  QMMM:    37       37      C       42.4790  -42.2760   63.9780
  QMMM:    38       38      C       45.4000  -46.4540   62.3080
  QMMM:    39       39      C       43.4520  -48.3420   65.5110
  QMMM:    40       40      C       44.6220  -44.8250   68.9240
  QMMM:    41       41      H       36.5420  -42.4010   61.6230
  QMMM:    42       42      H       35.9700  -43.6000   62.7880
  QMMM:    43       43      H       44.6910  -45.0950   69.9780
  QMMM:    44       44      H       45.1730  -45.5510   68.3270
  QMMM:    45       45      H       45.0490  -43.8330   68.7750
  QMMM:    46       46      H       42.4180  -48.0290   65.6550
  QMMM:    47       47      H       43.7020  -48.2930   64.4510
  QMMM:    48       48      H       43.5740  -49.3650   65.8660
  QMMM:    49       49      H       44.6380  -47.1850   62.0390
  QMMM:    50       50      H       45.1810  -45.5050   61.8180
  QMMM:    51       51      H       46.3770  -46.8130   61.9840
  QMMM:    52       52      H       42.5360  -42.1220   62.9000
  QMMM:    53       53      H       41.5340  -41.8820   64.3510
  QMMM:    54       54      H       43.3050  -41.7560   64.4630
  QMMM:    55       55      H       39.0580  -44.1920   65.7530
  QMMM:    56       56      H       39.7410  -45.8200   65.9770
  QMMM:    57       57      H       40.7820  -44.3870   66.1470
  QMMM:    58       58      H       38.6990  -48.3090   61.1080
  QMMM:    59       59      H       38.0870  -49.4120   62.3630
  QMMM:    60       60      H       36.9730  -48.7390   61.1490
  QMMM:    61       61      H       41.4610  -51.4490   66.8500
  QMMM:    62       62      H       40.0060  -52.1580   66.1110
  QMMM:    63       63      H       41.0980  -51.1470   65.1340
  QMMM:    64       64      H       44.3530  -48.6150   68.1200
  QMMM:    65       65      H       44.8950  -46.9650   68.3510
  QMMM:    66       66      H       45.0260  -45.3840   66.1770
  QMMM:    67       67      H       43.2840  -45.5680   66.2170
  QMMM:    68       68      H       45.8320  -43.7980   64.1610
  QMMM:    69       69      H       39.2020  -49.3550   69.7410
  QMMM:    70       70      H       41.5080  -44.5480   62.5130
  QMMM:    71       71      H       39.5170  -45.5090   62.1360
  QMMM:    72       72      H       38.3970  -47.0400   64.5720
  QMMM:    73       73      H       40.4110  -47.9350   62.5060
  QMMM:    74       74      H       41.1570  -49.4140   64.1350
  QMMM:    75       75      H       39.0960  -48.1710   66.1040
  QMMM:    76       76      H       38.9720  -46.5540   69.3580
  QMMM:    77       77      H       45.3960  -47.7260   66.0960
  QMMM:    78       78      H       43.2880  -46.3400   63.8830
  QMMM:    79       79      H       43.9890  -44.3390   62.7550
  QMMM:    80       80      H       42.5040  -44.0000   65.3550

--------------------------------------------------------------------------------
  RESULTS
--------------------------------------------------------------------------------

      iter         sqm energy              rms gradient
      ----    -------------------    -----------------------
xmin    10     -290.0769 kcal/mol        2.3633 kcal/(mol*A)
xmin    20     -294.2366 kcal/mol        1.2167 kcal/(mol*A)
xmin    30     -296.1946 kcal/mol        0.1813 kcal/(mol*A)
xmin    40     -296.6903 kcal/mol        0.4479 kcal/(mol*A)
xmin    50     -296.8193 kcal/mol        0.0158 kcal/(mol*A)
xmin    60     -296.8229 kcal/mol        0.0114 kcal/(mol*A)
xmin    70     -296.8240 kcal/mol        0.0212 kcal/(mol*A)
xmin    80     -296.8251 kcal/mol        0.0045 kcal/(mol*A)
xmin    90     -296.8254 kcal/mol        0.0066 kcal/(mol*A)
xmin   100     -296.8258 kcal/mol        0.0026 kcal/(mol*A)
xmin   110     -296.8259 kcal/mol        0.0008 kcal/(mol*A)
  ... geometry converged !
 
 Final MO eigenvalues (eV):
 -41.8996  -41.2147  -40.6637  -40.5871  -39.7250  -39.3429  -38.9619  -38.2121
 -37.3217  -37.1678  -37.0047  -36.8361  -36.2285  -34.8524  -34.6418  -33.9879
 -33.1144  -31.9448  -30.8099  -29.9074  -28.6887  -28.2618  -28.1171  -27.6365
 -27.4719  -27.2586  -27.1942  -26.7015  -25.6469  -24.3161  -23.7592  -23.2921
 -22.9404  -22.4692  -21.2147  -20.9029  -20.3472  -19.6546  -19.5299  -19.2568
 -19.1915  -18.9397  -18.5839  -18.3806  -18.0931  -17.9953  -17.7323  -17.4507
 -17.3181  -17.2398  -17.1263  -16.9186  -16.8217  -16.4832  -16.3675  -16.2120
 -15.9653  -15.8621  -15.7441  -15.7144  -15.5449  -15.4917  -15.4532  -15.2132
 -15.0319  -14.9996  -14.8630  -14.7972  -14.6764  -14.3590  -14.3540  -14.2876
 -14.1145  -14.0103  -13.8265  -13.7266  -13.6820  -13.6068  -13.4139  -13.2507
 -13.1022  -13.0343  -12.9013  -12.8691  -12.7712  -12.6820  -12.6588  -12.5486
 -12.5074  -12.2808  -12.2409  -12.0287  -11.9884  -11.8229  -11.7463  -11.6548
 -11.6154  -11.5602  -11.4574  -11.3903  -11.2163  -11.1520  -11.0093  -10.9517
 -10.6509  -10.4178  -10.0287   -9.8139   -9.8049   -9.5929   -1.7601   -0.5374
  -0.0310    0.5927    0.6700    1.0060    1.1928    1.4050    1.5626    1.6150
   1.7850    1.9262    2.1529    2.3633    2.6078    2.8338    2.8864    3.0107
   3.2372    3.3467    3.3682    3.4613    3.5174    3.5528    3.5621    3.6387
   3.6761    3.6900    3.7124    3.7597    3.8071    3.8411    3.9035    3.9168
   3.9408    3.9656    3.9962    4.0260    4.0549    4.0633    4.1236    4.1305
   4.1720    4.2018    4.2208    4.2324    4.2592    4.3219    4.3632    4.3722
   4.3893    4.4296    4.4406    4.4652    4.4968    4.5361    4.5791    4.6038
   4.6298    4.6541    4.6752    4.7217    4.7566    4.8161    4.8376    4.8814
   4.9241    4.9426    5.0239    5.0309    5.0653    5.0929    5.1025    5.1456
   5.2024    5.2195    5.2474    5.3652    5.3869    5.4970    5.5895    5.5962
   5.8547    5.9234    5.9474    6.0044    6.1782    6.4166    6.4480    7.1504


 Heat of formation   =       -296.82586197 kcal/mol  (      -12.87133524 eV)

 Total SCF energy    =    -174350.71392056 kcal/mol  (    -7560.41428908 eV)
 Electronic energy   =   -1797324.51665508 kcal/mol  (   -77937.83949764 eV)
 Core-core repulsion =    1622973.80273452 kcal/mol  (    70377.42520856 eV)
 
    Atomic Charges for Step       1 :
  Atom    Element       Mulliken Charge
     1      O                 -0.322
     2      O                 -0.259
     3      O                 -0.268
     4      O                 -0.413
     5      O                 -0.328
     6      O                 -0.288
     7      O                 -0.197
     8      O                 -0.272
     9      O                 -0.256
    10      N                 -0.336
    11      N                 -0.392
    12      C                  0.358
    13      C                 -0.107
    14      C                 -0.103
    15      C                 -0.113
    16      C                 -0.172
    17      C                  0.049
    18      C                  0.051
    19      C                 -0.123
    20      C                 -0.144
    21      C                 -0.078
    22      C                  0.019
    23      C                 -0.008
    24      C                 -0.154
    25      C                 -0.093
    26      C                 -0.111
    27      C                 -0.175
    28      C                  0.034
    29      C                  0.282
    30      C                 -0.277
    31      C                  0.068
    32      C                  0.289
    33      C                 -0.188
    34      C                 -0.094
    35      C                  0.396
    36      C                 -0.181
    37      C                 -0.201
    38      C                 -0.074
    39      C                 -0.214
    40      C                 -0.074
    41      H                  0.240
    42      H                  0.236
    43      H                  0.089
    44      H                  0.108
    45      H                  0.093
    46      H                  0.071
    47      H                  0.069
    48      H                  0.082
    49      H                  0.061
    50      H                  0.061
    51      H                  0.101
    52      H                  0.075
    53      H                  0.075
    54      H                  0.098
    55      H                  0.095
    56      H                  0.078
    57      H                  0.089
    58      H                  0.086
    59      H                  0.062
    60      H                  0.100
    61      H                  0.109
    62      H                  0.108
    63      H                  0.088
    64      H                  0.107
    65      H                  0.104
    66      H                  0.112
    67      H                  0.088
    68      H                  0.217
    69      H                  0.247
    70      H                  0.124
    71      H                  0.131
    72      H                  0.126
    73      H                  0.128
    74      H                  0.132
    75      H                  0.135
    76      H                  0.165
    77      H                  0.108
    78      H                  0.091
    79      H                  0.073
    80      H                  0.109
 Total Mulliken Charge =       0.000
 
                  X        Y        Z     TOTAL  
  QM DIPOLE     0.269    1.849   -1.080    2.158
 
 Final Structure

  QMMM: QM Region Cartesian Coordinates (*=link atom) 
  QMMM: QM_NO.   MM_NO.  ATOM         X         Y         Z
  QMMM:     1        1      O       38.6953  -51.0593   68.0866
  QMMM:     2        2      O       37.5312  -47.2228   63.1472
  QMMM:     3        3      O       38.0498  -44.5883   63.1658
  QMMM:     4        4      O       38.1182  -44.4280   60.8958
  QMMM:     5        5      O       44.9456  -43.7154   64.5172
  QMMM:     6        6      O       45.3923  -46.3922   63.7788
  QMMM:     7        7      O       43.7303  -45.2524   68.5872
  QMMM:     8        8      O       41.3466  -44.9573   70.2097
  QMMM:     9        9      O       42.4674  -49.7608   68.2645
  QMMM:    10       10      N       39.7062  -49.1710   68.7815
  QMMM:    11       11      N       36.6085  -43.1357   62.1368
  QMMM:    12       12      C       39.4736  -50.1357   67.7944
  QMMM:    13       13      C       40.0778  -50.0038   66.4378
  QMMM:    14       14      C       39.7966  -48.9275   65.6797
  QMMM:    15       15      C       40.2842  -48.7390   64.3300
  QMMM:    16       16      C       39.8570  -47.8170   63.4584
  QMMM:    17       17      C       38.7804  -46.8075   63.6891
  QMMM:    18       18      C       39.2153  -45.4367   63.1162
  QMMM:    19       19      C       40.2742  -44.7888   63.9666
  QMMM:    20       20      C       41.4971  -44.5613   63.4620
  QMMM:    21       21      C       42.5945  -43.8784   64.2029
  QMMM:    22       22      C       43.9587  -44.4718   63.8293
  QMMM:    23       23      C       44.0787  -45.9710   64.1728
  QMMM:    24       24      C       43.9424  -46.2304   65.6688
  QMMM:    25       25      C       44.3779  -47.6237   66.0879
  QMMM:    26       26      C       44.3792  -47.7602   67.6081
  QMMM:    27       27      C       43.0802  -47.4660   68.2754
  QMMM:    28       28      C       42.8029  -46.2425   68.8052
  QMMM:    29       29      C       41.5371  -45.9806   69.5407
  QMMM:    30       30      C       40.5009  -47.0052   69.4070
  QMMM:    31       31      C       40.7248  -48.2247   68.8465
  QMMM:    32       32      C       42.1286  -48.5826   68.4173
  QMMM:    33       33      C       40.8966  -51.1648   66.0226
  QMMM:    34       34      C       37.5574  -47.6115   61.7828
  QMMM:    35       35      C       37.6041  -44.0644   61.9685
  QMMM:    36       36      C       39.8801  -44.4112   65.3448
  QMMM:    37       37      C       42.5747  -42.3924   63.8850
  QMMM:    38       38      C       45.4564  -46.8869   62.4527
  QMMM:    39       39      C       43.5417  -48.7057   65.4434
  QMMM:    40       40      C       43.7098  -44.1071   69.4406
  QMMM:    41       41      H       36.0987  -42.8686   61.3310
  QMMM:    42       42      H       36.1867  -43.0421   63.0272
  QMMM:    43       43      H       43.7029  -44.4067   70.5150
  QMMM:    44       44      H       44.6631  -43.5833   69.1723
  QMMM:    45       45      H       42.8240  -43.4689   69.2051
  QMMM:    46       46      H       42.4635  -48.5937   65.7202
  QMMM:    47       47      H       43.6344  -48.6548   64.3313
  QMMM:    48       48      H       43.8831  -49.7135   65.7857
  QMMM:    49       49      H       44.8190  -47.7997   62.3436
  QMMM:    50       50      H       45.1346  -46.1075   61.7190
  QMMM:    51       51      H       46.5353  -47.1432   62.3036
  QMMM:    52       52      H       42.6944  -42.2244   62.7882
  QMMM:    53       53      H       41.6068  -41.9438   64.2133
  QMMM:    54       54      H       43.4139  -41.8826   64.4176
  QMMM:    55       55      H       38.7697  -44.4531   65.4702
  QMMM:    56       56      H       40.3505  -45.1078   66.0840
  QMMM:    57       57      H       40.2190  -43.3707   65.5792
  QMMM:    58       58      H       37.9047  -46.7674   61.1356
  QMMM:    59       59      H       38.2080  -48.5086   61.6389
  QMMM:    60       60      H       36.4914  -47.8667   61.5557
  QMMM:    61       61      H       41.9726  -50.9742   66.2779
  QMMM:    62       62      H       40.5644  -52.0900   66.5581
  QMMM:    63       63      H       40.8132  -51.3473   64.9235
  QMMM:    64       64      H       44.6822  -48.8123   67.8681
  QMMM:    65       65      H       45.1593  -47.0629   68.0219
  QMMM:    66       66      H       44.5555  -45.4732   66.2289
  QMMM:    67       67      H       42.8687  -46.0694   65.9524
  QMMM:    68       68      H       45.7669  -44.2238   64.4686
  QMMM:    69       69      H       39.0852  -49.1990   69.5661
  QMMM:    70       70      H       41.7391  -44.8453   62.4236
  QMMM:    71       71      H       39.5690  -45.5590   62.0537
  QMMM:    72       72      H       38.5393  -46.6793   64.7846
  QMMM:    73       73      H       40.3126  -47.7739   62.4530
  QMMM:    74       74      H       41.0931  -49.4278   64.0168
  QMMM:    75       75      H       39.1481  -48.1285   66.0830
  QMMM:    76       76      H       39.5150  -46.7156   69.8101
  QMMM:    77       77      H       45.4465  -47.7642   65.7486
  QMMM:    78       78      H       43.2931  -46.5416   63.6062
  QMMM:    79       79      H       44.1292  -44.3502   62.7198
  QMMM:    80       80      H       42.4572  -44.0060   65.3146

           --------- Calculation Completed ----------

